QAflisp - FLISP Absolute crossassembler, Version 1.2
(c) GMV 1989-2021


File: Error2.lst
00                      1. 		ORG	$00
---- File: "Error2.sflisp"
                        2. 
FC                      3. DIPSWITCH:	EQU	$FC
FB                      4. SEGMENT7:	EQU	$FB
79                      5. SEG_ERROR:	EQU	$79
00                      6. 		
                        7. 
00 3F 06 5B 4F 66 6D    8. seg_table:	FCB	$3F,$06,$5B,$4F,$66,$6D,$7D,$07,$7F,$67
     7D 07 7F 67      
                        9. 
20                     10. 		ORG	$20
20 90 00               11. start:		LDX	#seg_table
22 A1 FC               12. 		LDY	DIPSWITCH
24 F9 00               13. DisplaySeg:	LDA	0,Y
26 97 0A               14. ErrorCheck:	CMPA	#$0A
28 28 02               15. 		BCS	If_Do
2A 21 02               16. 		BRA	If_End
2C F0 79               17. If_Do:		LDA	#SEG_ERROR
2E E1 FB               18. If_End:		STA	SEGMENT7
30 33 20               19. 		JMP	start
FF                     20. 		ORG	$FF